0 info it worked if it ends with ok
1 verbose cli [ '/usr/bin/node', '/usr/bin/npm', 'install', '.' ]
2 info using npm@2.15.11
3 info using node@v4.8.7
4 verbose install initial load of /home/ros/Workspace/rosweb/package.json
5 warn package.json rosweb@1.0.0 No repository field.
6 verbose readDependencies loading dependencies from /home/ros/Workspace/rosweb/package.json
7 silly cache add args [ '.', null ]
8 verbose cache add spec .
9 silly cache add parsed spec Result {
9 silly cache add   raw: '.',
9 silly cache add   scope: null,
9 silly cache add   name: null,
9 silly cache add   rawSpec: '.',
9 silly cache add   spec: '/home/ros/Workspace/rosweb/src',
9 silly cache add   type: 'local' }
10 error addLocal Could not install /home/ros/Workspace/rosweb/src
11 verbose stack Error: EISDIR: illegal operation on a directory, read
11 verbose stack     at Error (native)
12 verbose cwd /home/ros/Workspace/rosweb/src
13 error Linux 4.13.0-32-generic
14 error argv "/usr/bin/node" "/usr/bin/npm" "install" "."
15 error node v4.8.7
16 error npm  v2.15.11
17 error code EISDIR
18 error errno -21
19 error syscall read
20 error eisdir EISDIR: illegal operation on a directory, read
20 error eisdir This is most likely not a problem with npm itself
20 error eisdir and is related to npm not being able to find a package.json in
20 error eisdir a package you are trying to install.
21 verbose exit [ -21, true ]
